  main.cpp
main.cpp(105): warning C4005: 'INFINITY': macro redefinition
  C:\Program Files (x86)\Windows Kits\10\Include\10.0.10240.0\ucrt\math.h(78): note: see previous definition of 'INFINITY'
main.cpp(186): warning C4305: 'initializing': truncation from 'double' to 'float'
main.cpp(199): warning C4305: 'argument': truncation from 'double' to 'const float'
main.cpp(213): warning C4305: 'initializing': truncation from 'double' to 'float'
main.cpp(282): warning C4244: 'initializing': conversion from 'double' to 'float', possible loss of data
main.cpp(289): warning C4244: 'initializing': conversion from 'double' to 'float', possible loss of data
main.cpp(290): warning C4244: 'initializing': conversion from 'double' to 'float', possible loss of data
main.cpp(388): warning C4244: 'initializing': conversion from 'int' to 'float', possible loss of data
main.cpp(391): warning C4305: 'argument': truncation from 'double' to 'float'
main.cpp(403): warning C4305: 'argument': truncation from 'double' to 'float'
main.cpp(407): warning C4305: 'argument': truncation from 'double' to 'float'
main.cpp(408): warning C4305: 'argument': truncation from 'double' to 'float'
main.cpp(411): warning C4305: 'argument': truncation from 'double' to 'float'
main.cpp(412): warning C4305: 'argument': truncation from 'double' to 'float'
main.cpp(420): warning C4244: 'argument': conversion from 'double' to 'float', possible loss of data
main.cpp(420): warning C4305: 'argument': truncation from 'double' to 'float'
main.cpp(421): warning C4305: 'argument': truncation from 'double' to 'float'
main.cpp(425): warning C4244: 'argument': conversion from 'float' to 'int', possible loss of data
main.cpp(429): warning C4244: 'argument': conversion from 'float' to 'int', possible loss of data
  Generating code
  3 of 677 functions ( 0.4%) were compiled, the rest were copied from previous compilation.
    0 functions were new in current compilation
    26 functions had inline decision re-evaluated but remain unchanged
  Finished generating code
  RayTracerSmall.vcxproj -> E:\Dropbox\University Year 3\LOW LEVEL GAME PROGRAMMING\RayTracerFramework\Release\RayTracerSmall.exe
  RayTracerSmall.vcxproj -> E:\Dropbox\University Year 3\LOW LEVEL GAME PROGRAMMING\RayTracerFramework\Release\RayTracerSmall.pdb (Full PDB)
